<?xml version="1.0" encoding="UTF-8"?>
<testng-results ignored="0" total="1" passed="1" failed="0" skipped="0">
  <reporter-output>
    <line>
      <![CDATA[open browser]]>
    </line>
    <line>
      <![CDATA[login]]>
    </line>
    <line>
      <![CDATA[CreateCustomer]]>
    </line>
    <line>
      <![CDATA[logout]]>
    </line>
    <line>
      <![CDATA[closeBrowser]]>
    </line>
  </reporter-output>
  <suite started-at="2023-09-11T21:16:15 IST" name="Default suite" finished-at="2023-09-11T21:17:23 IST" duration-ms="67807">
    <groups>
    </groups>
    <test started-at="2023-09-11T21:16:15 IST" name="Default test" finished-at="2023-09-11T21:17:23 IST" duration-ms="67807">
      <class name="com.actitime.testscript.CustomerModule">
        <test-method is-config="true" signature="openBrowser()[pri:0, instance:com.actitime.testscript.CustomerModule@65987993]" started-at="2023-09-11T21:16:15 IST" name="openBrowser" finished-at="2023-09-11T21:16:29 IST" duration-ms="14166" status="PASS">
          <reporter-output>
            <line>
              <![CDATA[open browser]]>
            </line>
          </reporter-output>
        </test-method> <!-- openBrowser -->
        <test-method is-config="true" signature="login()[pri:0, instance:com.actitime.testscript.CustomerModule@65987993]" started-at="2023-09-11T21:16:30 IST" name="login" finished-at="2023-09-11T21:16:50 IST" duration-ms="20825" status="PASS">
          <reporter-output>
            <line>
              <![CDATA[login]]>
            </line>
          </reporter-output>
        </test-method> <!-- login -->
        <test-method signature="testCreateCustomer()[pri:0, instance:com.actitime.testscript.CustomerModule@65987993]" started-at="2023-09-11T21:16:50 IST" name="testCreateCustomer" finished-at="2023-09-11T21:17:19 IST" duration-ms="28297" status="PASS">
          <reporter-output>
            <line>
              <![CDATA[CreateCustomer]]>
            </line>
          </reporter-output>
        </test-method> <!-- testCreateCustomer -->
        <test-method is-config="true" signature="logout()[pri:0, instance:com.actitime.testscript.CustomerModule@65987993]" started-at="2023-09-11T21:17:19 IST" name="logout" finished-at="2023-09-11T21:17:23 IST" duration-ms="3811" status="PASS">
          <reporter-output>
            <line>
              <![CDATA[logout]]>
            </line>
          </reporter-output>
        </test-method> <!-- logout -->
        <test-method is-config="true" signature="closeBrowser()[pri:0, instance:com.actitime.testscript.CustomerModule@65987993]" started-at="2023-09-11T21:17:23 IST" name="closeBrowser" finished-at="2023-09-11T21:17:23 IST" duration-ms="520" status="PASS">
          <reporter-output>
            <line>
              <![CDATA[closeBrowser]]>
            </line>
          </reporter-output>
        </test-method> <!-- closeBrowser -->
      </class> <!-- com.actitime.testscript.CustomerModule -->
    </test> <!-- Default test -->
  </suite> <!-- Default suite -->
</testng-results>
